Date: 2023-11-06
Ziņa: Šonedēļ zvaigznes būs tavā pusē, jāmēģina sports-betting!

Date: 2023-11-07
Ziņa: Šī nedēļa tev sniegs jaunu iespēju attiecībās. But don't be too ambitious - you're the reason the gene pool needs a lifeguard.

Date: 2023-11-08
Ziņa: Uzmanies, iespējams kāda planēta retrogrādā - tehnika būs sarežģīta.

Date: 2023-11-13
Ziņa: Zvaigznes vēsta, ka savas patiesākās, dziļakās vēlmes Tev atklāsies šajā video: https://www.youtube.com/watch?v=dQw4w9WgXcQ

Date: 2023-11-20
Ziņa: It is time for some self reflection. Saki man, vai kļūšana par džudo tiesnesi bija vienīgais veids, kā tikt uz turnīriem?

Date: 2023-11-27
Ziņa: Ceļojums uz kādu eksotisku galamērķi sola piedzīvojumus. Duša būtu labs sākums.

Date: 2023-12-04
Ziņa: Šonedēļ Saule un Mēnes būs Tev labvēlīgās pozīcijās, send that dick pic!

Date: 2023-12-11
Ziņa: Kaut kā apmākusies nākotne, tev neiet, lol

Date: 2023-12-18
Ziņa: Skatoties uz tavu šonedēļas horoskopu, jāsecina, ka labāk no mājas ārā neiet.

Date: 2024-01-01
Ziņa: Šonedēļ laba nedēļa eksperimentēt - frizieriem būšot labs noskaņojums.

Date: 2024-01-08
Ziņa: Why are you like this?:/images/smaganas.jpg

Date: 2024-01-15
Ziņa: :/images/frog.jpg

Date: 2024-01-22
Ziņa: :/images/megamind.jpg

Date: 2024-01-29
Ziņa: Ja gribi augt, ir jāpieņem pārmaiņas. Ir laiks beigt būt idiotam.

Date: 2024-02-05
Ziņa: Šonedēļ gaidāms liels karjeras solis. Nu, 50/50, moš arī atlaidīs.

Date: 2024-02-12
Ziņa: Šonedēļ zvaigznes.... ak dievs, kas tev ar bārdu notiek?:/images/dios-mio.jpg

